#
# There is insufficient memory for the Java Runtime Environment to continue.
# Native memory allocation (malloc) failed to allocate 861776 bytes for Chunk::new
# Possible reasons:
#   The system is out of physical RAM or swap space
#   The process is running with CompressedOops enabled, and the Java Heap may be blocking the growth of the native heap
# Possible solutions:
#   Reduce memory load on the system
#   Increase physical memory or swap space
#   Check if swap backing store is full
#   Decrease Java heap size (-Xmx/-Xms)
#   Decrease number of Java threads
#   Decrease Java thread stack sizes (-Xss)
#   Set larger code cache with -XX:ReservedCodeCacheSize=
#   JVM is running with Unscaled Compressed Oops mode in which the Java heap is
#     placed in the first 4GB address space. The Java Heap base address is the
#     maximum limit for the native heap growth. Please use -XX:HeapBaseMinAddress
#     to set the Java Heap base and to place the Java Heap above 4GB virtual address.
# This output file may be truncated or incomplete.
#
#  Out of Memory Error (./src/hotspot/share/memory/arena.cpp:197), pid=20272, tid=17108
#
# JRE version: OpenJDK Runtime Environment (11.0.10) (build 11.0.10+0-b96-7249189)
# Java VM: OpenJDK 64-Bit Server VM (11.0.10+0-b96-7249189, mixed mode, tiered, compressed oops, g1 gc, windows-amd64)
# No core dump will be written. Minidumps are not enabled by default on client versions of Windows
#

---------------  S U M M A R Y ------------

Command Line: --add-opens=java.base/java.util=ALL-UNNAMED --add-opens=java.base/java.lang=ALL-UNNAMED --add-opens=java.base/java.lang.invoke=ALL-UNNAMED --add-opens=java.prefs/java.util.prefs=ALL-UNNAMED -Xmx2048m -Dfile.encoding=UTF-8 -Duser.country=US -Duser.language=en -Duser.variant org.gradle.launcher.daemon.bootstrap.GradleDaemon 6.5

Host: Intel(R) Core(TM) i5-7300HQ CPU @ 2.50GHz, 4 cores, 7G,  Windows 10 , 64 bit Build 19041 (10.0.19041.1348)
Time: Sat Jan  1 19:14:09 2022 SE Asia Standard Time elapsed time: 35.689710 seconds (0d 0h 0m 35s)

---------------  T H R E A D  ---------------

Current thread (0x0000027df57a9800):  JavaThread "C2 CompilerThread0" daemon [_thread_in_native, id=17108, stack(0x000000a813a00000,0x000000a813b00000)]


Current CompileTask:
C2:  35689 4290       4       java.lang.PublicMethods::merge (81 bytes)

Stack: [0x000000a813a00000,0x000000a813b00000]
Native frames: (J=compiled Java code, j=interpreted, Vv=VM code, C=native code)
V  [jvm.dll+0x5ecfaa]
V  [jvm.dll+0x722bd5]
V  [jvm.dll+0x72412d]
V  [jvm.dll+0x7247e3]
V  [jvm.dll+0x242928]
V  [jvm.dll+0xbc4fc]
V  [jvm.dll+0xbca0c]
V  [jvm.dll+0x352d3b]
V  [jvm.dll+0x320ad3]
V  [jvm.dll+0x31ffca]
V  [jvm.dll+0x1fb602]
V  [jvm.dll+0x1fa7f4]
V  [jvm.dll+0x18354c]
V  [jvm.dll+0x208ee7]
V  [jvm.dll+0x207731]
V  [jvm.dll+0x6eb1cf]
V  [jvm.dll+0x6e3d45]
V  [jvm.dll+0x5ebe96]
C  [ucrtbase.dll+0x21bb2]
C  [KERNEL32.DLL+0x17034]
C  [ntdll.dll+0x52651]


---------------  P R O C E S S  ---------------

Threads class SMR info:
_java_thread_list=0x0000027df8a4c180, length=125, elements={
0x0000027ddbbbc000, 0x0000027df578e800, 0x0000027df5790000, 0x0000027df6122800,
0x0000027df57a3800, 0x0000027df57a4000, 0x0000027df57a9800, 0x0000027df57b0800,
0x0000027df57cf000, 0x0000027df625c800, 0x0000027df752e800, 0x0000027df74ad800,
0x0000027df6af7800, 0x0000027df7680800, 0x0000027df71a2000, 0x0000027df70f0800,
0x0000027df70f1000, 0x0000027df78ba000, 0x0000027df78bb000, 0x0000027df78eb000,
0x0000027df78ec800, 0x0000027df78e7000, 0x0000027df78ed800, 0x0000027df78ea000,
0x0000027df78eb800, 0x0000027df78e7800, 0x0000027df78e8800, 0x0000027df78e9800,
0x0000027df87bd000, 0x0000027df87bf800, 0x0000027df87bc800, 0x0000027df87ba800,
0x0000027df87ba000, 0x0000027df87c0800, 0x0000027df87c1000, 0x0000027df87bb800,
0x0000027df87c7800, 0x0000027df87c4800, 0x0000027df87c2000, 0x0000027df87c5800,
0x0000027df87c3000, 0x0000027df87c7000, 0x0000027df87c6000, 0x0000027df87c8800,
0x0000027df87c3800, 0x0000027df7b44800, 0x0000027df7b46000, 0x0000027df7b43000,
0x0000027df7b45000, 0x0000027df7b47000, 0x0000027df7b47800, 0x0000027df7b42000,
0x0000027df7b48800, 0x0000027df7b49800, 0x0000027df7b43800, 0x0000027df7b4e000,
0x0000027df7b50000, 0x0000027df7b4b000, 0x0000027df7b4b800, 0x0000027df7b4c800,
0x0000027df7b4a000, 0x0000027df7b4f000, 0x0000027df7b50800, 0x0000027df7b4d800,
0x0000027df82a3000, 0x0000027df82a7000, 0x0000027df82a2000, 0x0000027df82a6000,
0x0000027df82a3800, 0x0000027df82a1000, 0x0000027df82a4800, 0x0000027df82ab000,
0x0000027df82a9800, 0x0000027df82a7800, 0x0000027df82aa000, 0x0000027df82a5800,
0x0000027df82ac000, 0x0000027df82ae800, 0x0000027df82ac800, 0x0000027df82a8800,
0x0000027df82ad800, 0x0000027df82af000, 0x0000027df82b0000, 0x0000027df824c000,
0x0000027df8249000, 0x0000027df824d000, 0x0000027df824e000, 0x0000027df8248000,
0x0000027df824e800, 0x0000027df824a800, 0x0000027df824f800, 0x0000027df824a000,
0x0000027df8250800, 0x0000027df8251000, 0x0000027df824b800, 0x0000027df8256000,
0x0000027df8253800, 0x0000027df8252800, 0x0000027df8254800, 0x0000027df8252000,
0x0000027df8255000, 0x0000027df8257000, 0x0000027df8514800, 0x0000027df8517000,
0x0000027df8516000, 0x0000027df8512800, 0x0000027df8515000, 0x0000027df8511000,
0x0000027df8517800, 0x0000027df8512000, 0x0000027df8518800, 0x0000027df8519000,
0x0000027df8513800, 0x0000027df851c800, 0x0000027df851a000, 0x0000027df851d800,
0x0000027df851f000, 0x0000027df851b000, 0x0000027df8520000, 0x0000027df851b800,
0x0000027df851e000, 0x0000027df6483800, 0x0000027df6484000, 0x0000027df6486000,
0x0000027df6485000
}

Java Threads: ( => current thread )
  0x0000027ddbbbc000 JavaThread "main" [_thread_blocked, id=12944, stack(0x000000a812e00000,0x000000a812f00000)]
  0x0000027df578e800 JavaThread "Reference Handler" daemon [_thread_blocked, id=13912, stack(0x000000a813500000,0x000000a813600000)]
  0x0000027df5790000 JavaThread "Finalizer" daemon [_thread_blocked, id=16120, stack(0x000000a813600000,0x000000a813700000)]
  0x0000027df6122800 JavaThread "Signal Dispatcher" daemon [_thread_blocked, id=14160, stack(0x000000a813700000,0x000000a813800000)]
  0x0000027df57a3800 JavaThread "Attach Listener" daemon [_thread_blocked, id=12396, stack(0x000000a813800000,0x000000a813900000)]
  0x0000027df57a4000 JavaThread "Service Thread" daemon [_thread_blocked, id=8628, stack(0x000000a813900000,0x000000a813a00000)]
=>0x0000027df57a9800 JavaThread "C2 CompilerThread0" daemon [_thread_in_native, id=17108, stack(0x000000a813a00000,0x000000a813b00000)]
  0x0000027df57b0800 JavaThread "C1 CompilerThread0" daemon [_thread_blocked, id=2320, stack(0x000000a813b00000,0x000000a813c00000)]
  0x0000027df57cf000 JavaThread "Sweeper thread" daemon [_thread_blocked, id=24984, stack(0x000000a813c00000,0x000000a813d00000)]
  0x0000027df625c800 JavaThread "Common-Cleaner" daemon [_thread_blocked, id=592, stack(0x000000a813d00000,0x000000a813e00000)]
  0x0000027df752e800 JavaThread "Daemon health stats" [_thread_blocked, id=21524, stack(0x000000a814100000,0x000000a814200000)]
  0x0000027df74ad800 JavaThread "Incoming local TCP Connector on port 64529" [_thread_in_native, id=1732, stack(0x000000a814400000,0x000000a814500000)]
  0x0000027df6af7800 JavaThread "Daemon periodic checks" [_thread_blocked, id=17496, stack(0x000000a814500000,0x000000a814600000)]
  0x0000027df7680800 JavaThread "Daemon" [_thread_blocked, id=25160, stack(0x000000a814600000,0x000000a814700000)]
  0x0000027df71a2000 JavaThread "Handler for socket connection from /127.0.0.1:64529 to /127.0.0.1:64531" [_thread_in_native, id=18984, stack(0x000000a814700000,0x000000a814800000)]
  0x0000027df70f0800 JavaThread "Cancel handler" [_thread_blocked, id=9732, stack(0x000000a814800000,0x000000a814900000)]
  0x0000027df70f1000 JavaThread "Daemon worker" [_thread_in_Java, id=25012, stack(0x000000a814900000,0x000000a814a00000)]
  0x0000027df78ba000 JavaThread "Asynchronous log dispatcher for DefaultDaemonConnection: socket connection from /127.0.0.1:64529 to /127.0.0.1:64531" [_thread_blocked, id=24988, stack(0x000000a814a00000,0x000000a814b00000)]
  0x0000027df78bb000 JavaThread "Stdin handler" [_thread_blocked, id=10692, stack(0x000000a814b00000,0x000000a814c00000)]
  0x0000027df78eb000 JavaThread "Thread-8" [_thread_blocked, id=256, stack(0x000000a814c00000,0x000000a814d00000)]
  0x0000027df78ec800 JavaThread "Cache worker for journal cache (C:\Users\Huy Hoang\.gradle\caches\journal-1)" [_thread_blocked, id=14344, stack(0x000000a814e00000,0x000000a814f00000)]
  0x0000027df78e7000 JavaThread "File lock request listener" [_thread_in_native, id=20204, stack(0x000000a814f00000,0x000000a815000000)]
  0x0000027df78ed800 JavaThread "Cache worker for file hash cache (C:\Users\Huy Hoang\.gradle\caches\6.5\fileHashes)" [_thread_blocked, id=4816, stack(0x000000a815000000,0x000000a815100000)]
  0x0000027df78ea000 JavaThread "Cache worker for file hash cache (C:\Study\1148\Homework\Android\Notes\Notes\.gradle\6.5\fileHashes)" [_thread_blocked, id=3480, stack(0x000000a815100000,0x000000a815200000)]
  0x0000027df78eb800 JavaThread "Cache worker for checksums cache (C:\Study\1148\Homework\Android\Notes\Notes\.gradle\checksums)" [_thread_blocked, id=24812, stack(0x000000a815200000,0x000000a815300000)]
  0x0000027df78e7800 JavaThread "Cache worker for cache directory md-supplier (C:\Users\Huy Hoang\.gradle\caches\6.5\md-supplier)" [_thread_blocked, id=12540, stack(0x000000a815300000,0x000000a815400000)]
  0x0000027df78e8800 JavaThread "Cache worker for cache directory md-rule (C:\Users\Huy Hoang\.gradle\caches\6.5\md-rule)" [_thread_blocked, id=20436, stack(0x000000a815400000,0x000000a815500000)]
  0x0000027df78e9800 JavaThread "Cache worker for execution history cache (C:\Users\Huy Hoang\.gradle\caches\6.5\executionHistory)" [_thread_blocked, id=14880, stack(0x000000a815500000,0x000000a815600000)]
  0x0000027df87bd000 JavaThread "jar transforms" [_thread_blocked, id=24064, stack(0x000000a815600000,0x000000a815700000)]
  0x0000027df87bf800 JavaThread "Cache worker for file content cache (C:\Users\Huy Hoang\.gradle\caches\6.5\fileContent)" [_thread_blocked, id=3200, stack(0x000000a815700000,0x000000a815800000)]
  0x0000027df87bc800 JavaThread "Build operations" [_thread_blocked, id=8716, stack(0x000000a815800000,0x000000a815900000)]
  0x0000027df87ba800 JavaThread "Build operations Thread 2" [_thread_blocked, id=12992, stack(0x000000a815900000,0x000000a815a00000)]
  0x0000027df87ba000 JavaThread "Build operations Thread 3" [_thread_blocked, id=13584, stack(0x000000a815a00000,0x000000a815b00000)]
  0x0000027df87c0800 JavaThread "Build operations Thread 4" [_thread_blocked, id=20880, stack(0x000000a815b00000,0x000000a815c00000)]
  0x0000027df87c1000 JavaThread "jar transforms Thread 2" [_thread_blocked, id=20740, stack(0x000000a815c00000,0x000000a815d00000)]
  0x0000027df87bb800 JavaThread "jar transforms Thread 3" [_thread_blocked, id=10688, stack(0x000000a815d00000,0x000000a815e00000)]
  0x0000027df87c7800 JavaThread "jar transforms Thread 4" [_thread_blocked, id=18484, stack(0x000000a815e00000,0x000000a815f00000)]
  0x0000027df87c4800 JavaThread "jar transforms Thread 5" [_thread_blocked, id=21020, stack(0x000000a815f00000,0x000000a816000000)]
  0x0000027df87c2000 JavaThread "jar transforms Thread 6" [_thread_blocked, id=24568, stack(0x000000a816000000,0x000000a816100000)]
  0x0000027df87c5800 JavaThread "jar transforms Thread 7" [_thread_blocked, id=20764, stack(0x000000a816100000,0x000000a816200000)]
  0x0000027df87c3000 JavaThread "jar transforms Thread 8" [_thread_blocked, id=5396, stack(0x000000a816200000,0x000000a816300000)]
  0x0000027df87c7000 JavaThread "jar transforms Thread 9" [_thread_blocked, id=4180, stack(0x000000a816300000,0x000000a816400000)]
  0x0000027df87c6000 JavaThread "jar transforms Thread 10" [_thread_blocked, id=16596, stack(0x000000a816400000,0x000000a816500000)]
  0x0000027df87c8800 JavaThread "jar transforms Thread 11" [_thread_blocked, id=23100, stack(0x000000a816500000,0x000000a816600000)]
  0x0000027df87c3800 JavaThread "jar transforms Thread 12" [_thread_blocked, id=25200, stack(0x000000a816600000,0x000000a816700000)]
  0x0000027df7b44800 JavaThread "jar transforms Thread 13" [_thread_blocked, id=17148, stack(0x000000a816700000,0x000000a816800000)]
  0x0000027df7b46000 JavaThread "jar transforms Thread 14" [_thread_blocked, id=9572, stack(0x000000a816800000,0x000000a816900000)]
  0x0000027df7b43000 JavaThread "jar transforms Thread 15" [_thread_blocked, id=10168, stack(0x000000a816900000,0x000000a816a00000)]
  0x0000027df7b45000 JavaThread "jar transforms Thread 16" [_thread_blocked, id=1676, stack(0x000000a816a00000,0x000000a816b00000)]
  0x0000027df7b47000 JavaThread "jar transforms Thread 17" [_thread_blocked, id=19652, stack(0x000000a816b00000,0x000000a816c00000)]
  0x0000027df7b47800 JavaThread "jar transforms Thread 18" [_thread_blocked, id=24740, stack(0x000000a816c00000,0x000000a816d00000)]
  0x0000027df7b42000 JavaThread "jar transforms Thread 19" [_thread_blocked, id=25212, stack(0x000000a816d00000,0x000000a816e00000)]
  0x0000027df7b48800 JavaThread "jar transforms Thread 20" [_thread_blocked, id=22840, stack(0x000000a816e00000,0x000000a816f00000)]
  0x0000027df7b49800 JavaThread "jar transforms Thread 21" [_thread_blocked, id=16300, stack(0x000000a816f00000,0x000000a817000000)]
  0x0000027df7b43800 JavaThread "jar transforms Thread 22" [_thread_blocked, id=25068, stack(0x000000a817000000,0x000000a817100000)]
  0x0000027df7b4e000 JavaThread "jar transforms Thread 23" [_thread_blocked, id=17640, stack(0x000000a817100000,0x000000a817200000)]
  0x0000027df7b50000 JavaThread "jar transforms Thread 24" [_thread_blocked, id=13380, stack(0x000000a817200000,0x000000a817300000)]
  0x0000027df7b4b000 JavaThread "jar transforms Thread 25" [_thread_blocked, id=24632, stack(0x000000a817300000,0x000000a817400000)]
  0x0000027df7b4b800 JavaThread "jar transforms Thread 26" [_thread_blocked, id=17988, stack(0x000000a817400000,0x000000a817500000)]
  0x0000027df7b4c800 JavaThread "jar transforms Thread 27" [_thread_blocked, id=7968, stack(0x000000a817500000,0x000000a817600000)]
  0x0000027df7b4a000 JavaThread "jar transforms Thread 28" [_thread_blocked, id=1824, stack(0x000000a817600000,0x000000a817700000)]
  0x0000027df7b4f000 JavaThread "jar transforms Thread 29" [_thread_blocked, id=19956, stack(0x000000a817700000,0x000000a817800000)]
  0x0000027df7b50800 JavaThread "jar transforms Thread 30" [_thread_blocked, id=25008, stack(0x000000a817800000,0x000000a817900000)]
  0x0000027df7b4d800 JavaThread "jar transforms Thread 31" [_thread_blocked, id=17832, stack(0x000000a817900000,0x000000a817a00000)]
  0x0000027df82a3000 JavaThread "jar transforms Thread 32" [_thread_blocked, id=21784, stack(0x000000a817a00000,0x000000a817b00000)]
  0x0000027df82a7000 JavaThread "jar transforms Thread 33" [_thread_blocked, id=10276, stack(0x000000a817b00000,0x000000a817c00000)]
  0x0000027df82a2000 JavaThread "jar transforms Thread 34" [_thread_blocked, id=15652, stack(0x000000a817c00000,0x000000a817d00000)]
  0x0000027df82a6000 JavaThread "jar transforms Thread 35" [_thread_blocked, id=9916, stack(0x000000a817d00000,0x000000a817e00000)]
  0x0000027df82a3800 JavaThread "jar transforms Thread 36" [_thread_blocked, id=18732, stack(0x000000a817e00000,0x000000a817f00000)]
  0x0000027df82a1000 JavaThread "jar transforms Thread 37" [_thread_blocked, id=11776, stack(0x000000a817f00000,0x000000a818000000)]
  0x0000027df82a4800 JavaThread "jar transforms Thread 38" [_thread_blocked, id=16344, stack(0x000000a818000000,0x000000a818100000)]
  0x0000027df82ab000 JavaThread "jar transforms Thread 39" [_thread_blocked, id=13488, stack(0x000000a818100000,0x000000a818200000)]
  0x0000027df82a9800 JavaThread "jar transforms Thread 40" [_thread_blocked, id=13064, stack(0x000000a818200000,0x000000a818300000)]
  0x0000027df82a7800 JavaThread "jar transforms Thread 41" [_thread_blocked, id=11756, stack(0x000000a818300000,0x000000a818400000)]
  0x0000027df82aa000 JavaThread "jar transforms Thread 42" [_thread_blocked, id=13556, stack(0x000000a818400000,0x000000a818500000)]
  0x0000027df82a5800 JavaThread "jar transforms Thread 43" [_thread_blocked, id=2284, stack(0x000000a818500000,0x000000a818600000)]
  0x0000027df82ac000 JavaThread "jar transforms Thread 44" [_thread_blocked, id=25512, stack(0x000000a818600000,0x000000a818700000)]
  0x0000027df82ae800 JavaThread "jar transforms Thread 45" [_thread_blocked, id=10376, stack(0x000000a818700000,0x000000a818800000)]
  0x0000027df82ac800 JavaThread "jar transforms Thread 46" [_thread_blocked, id=9988, stack(0x000000a818800000,0x000000a818900000)]
  0x0000027df82a8800 JavaThread "jar transforms Thread 47" [_thread_blocked, id=24708, stack(0x000000a818900000,0x000000a818a00000)]
  0x0000027df82ad800 JavaThread "jar transforms Thread 48" [_thread_blocked, id=24800, stack(0x000000a818a00000,0x000000a818b00000)]
  0x0000027df82af000 JavaThread "jar transforms Thread 49" [_thread_blocked, id=17828, stack(0x000000a818b00000,0x000000a818c00000)]
  0x0000027df82b0000 JavaThread "jar transforms Thread 50" [_thread_blocked, id=6492, stack(0x000000a818c00000,0x000000a818d00000)]
  0x0000027df824c000 JavaThread "jar transforms Thread 51" [_thread_blocked, id=15884, stack(0x000000a818d00000,0x000000a818e00000)]
  0x0000027df8249000 JavaThread "jar transforms Thread 52" [_thread_blocked, id=25592, stack(0x000000a818e00000,0x000000a818f00000)]
  0x0000027df824d000 JavaThread "jar transforms Thread 53" [_thread_blocked, id=2432, stack(0x000000a812c00000,0x000000a812d00000)]
  0x0000027df824e000 JavaThread "jar transforms Thread 54" [_thread_blocked, id=9560, stack(0x000000a818f00000,0x000000a819000000)]
  0x0000027df8248000 JavaThread "jar transforms Thread 55" [_thread_blocked, id=24784, stack(0x000000a819000000,0x000000a819100000)]
  0x0000027df824e800 JavaThread "jar transforms Thread 56" [_thread_blocked, id=13256, stack(0x000000a819100000,0x000000a819200000)]
  0x0000027df824a800 JavaThread "jar transforms Thread 57" [_thread_blocked, id=25520, stack(0x000000a819200000,0x000000a819300000)]
  0x0000027df824f800 JavaThread "jar transforms Thread 58" [_thread_blocked, id=25448, stack(0x000000a819300000,0x000000a819400000)]
  0x0000027df824a000 JavaThread "jar transforms Thread 59" [_thread_blocked, id=12332, stack(0x000000a819400000,0x000000a819500000)]
  0x0000027df8250800 JavaThread "jar transforms Thread 60" [_thread_blocked, id=25436, stack(0x000000a819500000,0x000000a819600000)]
  0x0000027df8251000 JavaThread "jar transforms Thread 61" [_thread_blocked, id=14104, stack(0x000000a819600000,0x000000a819700000)]
  0x0000027df824b800 JavaThread "jar transforms Thread 62" [_thread_blocked, id=16832, stack(0x000000a819700000,0x000000a819800000)]
  0x0000027df8256000 JavaThread "jar transforms Thread 63" [_thread_blocked, id=24644, stack(0x000000a819800000,0x000000a819900000)]
  0x0000027df8253800 JavaThread "jar transforms Thread 64" [_thread_blocked, id=25232, stack(0x000000a819900000,0x000000a819a00000)]
  0x0000027df8252800 JavaThread "jar transforms Thread 65" [_thread_blocked, id=23188, stack(0x000000a819a00000,0x000000a819b00000)]
  0x0000027df8254800 JavaThread "jar transforms Thread 66" [_thread_blocked, id=15972, stack(0x000000a819b00000,0x000000a819c00000)]
  0x0000027df8252000 JavaThread "jar transforms Thread 67" [_thread_blocked, id=13972, stack(0x000000a819c00000,0x000000a819d00000)]
  0x0000027df8255000 JavaThread "jar transforms Thread 68" [_thread_blocked, id=10932, stack(0x000000a819d00000,0x000000a819e00000)]
  0x0000027df8257000 JavaThread "jar transforms Thread 69" [_thread_blocked, id=24612, stack(0x000000a819e00000,0x000000a819f00000)]
  0x0000027df8514800 JavaThread "jar transforms Thread 70" [_thread_blocked, id=25480, stack(0x000000a819f00000,0x000000a81a000000)]
  0x0000027df8517000 JavaThread "jar transforms Thread 71" [_thread_blocked, id=2264, stack(0x000000a81a000000,0x000000a81a100000)]
  0x0000027df8516000 JavaThread "jar transforms Thread 72" [_thread_blocked, id=9584, stack(0x000000a81a100000,0x000000a81a200000)]
  0x0000027df8512800 JavaThread "jar transforms Thread 73" [_thread_blocked, id=4796, stack(0x000000a81a200000,0x000000a81a300000)]
  0x0000027df8515000 JavaThread "jar transforms Thread 74" [_thread_blocked, id=25476, stack(0x000000a81a300000,0x000000a81a400000)]
  0x0000027df8511000 JavaThread "jar transforms Thread 75" [_thread_blocked, id=6096, stack(0x000000a81a400000,0x000000a81a500000)]
  0x0000027df8517800 JavaThread "jar transforms Thread 76" [_thread_blocked, id=19640, stack(0x000000a81a500000,0x000000a81a600000)]
  0x0000027df8512000 JavaThread "jar transforms Thread 77" [_thread_blocked, id=8544, stack(0x000000a81a600000,0x000000a81a700000)]
  0x0000027df8518800 JavaThread "jar transforms Thread 78" [_thread_blocked, id=24636, stack(0x000000a81a700000,0x000000a81a800000)]
  0x0000027df8519000 JavaThread "jar transforms Thread 79" [_thread_blocked, id=9516, stack(0x000000a81a800000,0x000000a81a900000)]
  0x0000027df8513800 JavaThread "jar transforms Thread 80" [_thread_blocked, id=3644, stack(0x000000a81a900000,0x000000a81aa00000)]
  0x0000027df851c800 JavaThread "jar transforms Thread 81" [_thread_blocked, id=11560, stack(0x000000a81aa00000,0x000000a81ab00000)]
  0x0000027df851a000 JavaThread "jar transforms Thread 82" [_thread_blocked, id=1248, stack(0x000000a81ab00000,0x000000a81ac00000)]
  0x0000027df851d800 JavaThread "jar transforms Thread 83" [_thread_blocked, id=12924, stack(0x000000a81ac00000,0x000000a81ad00000)]
  0x0000027df851f000 JavaThread "jar transforms Thread 84" [_thread_blocked, id=25468, stack(0x000000a81ad00000,0x000000a81ae00000)]
  0x0000027df851b000 JavaThread "jar transforms Thread 85" [_thread_blocked, id=25352, stack(0x000000a81ae00000,0x000000a81af00000)]
  0x0000027df8520000 JavaThread "jar transforms Thread 86" [_thread_blocked, id=24624, stack(0x000000a81af00000,0x000000a81b000000)]
  0x0000027df851b800 JavaThread "jar transforms Thread 87" [_thread_blocked, id=25288, stack(0x000000a81b000000,0x000000a81b100000)]
  0x0000027df851e000 JavaThread "jar transforms Thread 88" [_thread_blocked, id=24692, stack(0x000000a81b100000,0x000000a81b200000)]
  0x0000027df6483800 JavaThread "jar transforms Thread 89" [_thread_blocked, id=24620, stack(0x000000a81b200000,0x000000a81b300000)]
  0x0000027df6484000 JavaThread "jar transforms Thread 90" [_thread_blocked, id=17296, stack(0x000000a81b300000,0x000000a81b400000)]
  0x0000027df6486000 JavaThread "jar transforms Thread 91" [_thread_blocked, id=3184, stack(0x000000a81b400000,0x000000a81b500000)]
  0x0000027df6485000 JavaThread "jar transforms Thread 92" [_thread_blocked, id=24780, stack(0x000000a81b500000,0x000000a81b600000)]

Other Threads:
  0x0000027df578b800 VMThread "VM Thread" [stack: 0x000000a813400000,0x000000a813500000] [id=3284]
  0x0000027df62b8000 WatcherThread [stack: 0x000000a813e00000,0x000000a813f00000] [id=3020]
  0x0000027ddbbd3800 GCTaskThread "GC Thread#0" [stack: 0x000000a812f00000,0x000000a813000000] [id=19808]
  0x0000027df6598000 GCTaskThread "GC Thread#1" [stack: 0x000000a813f00000,0x000000a814000000] [id=25028]
  0x0000027df69f9000 GCTaskThread "GC Thread#2" [stack: 0x000000a814000000,0x000000a814100000] [id=11628]
  0x0000027df71c6000 GCTaskThread "GC Thread#3" [stack: 0x000000a814d00000,0x000000a814e00000] [id=7772]
  0x0000027ddbc07000 ConcurrentGCThread "G1 Main Marker" [stack: 0x000000a813000000,0x000000a813100000] [id=20648]
  0x0000027ddbc09800 ConcurrentGCThread "G1 Conc#0" [stack: 0x000000a813100000,0x000000a813200000] [id=15096]
  0x0000027ddbc97800 ConcurrentGCThread "G1 Refine#0" [stack: 0x000000a813200000,0x000000a813300000] [id=19096]
  0x0000027ddbc98800 ConcurrentGCThread "G1 Young RemSet Sampling" [stack: 0x000000a813300000,0x000000a813400000] [id=24252]

Threads with active compile tasks:
C2 CompilerThread0  35756 4290       4       java.lang.PublicMethods::merge (81 bytes)

VM state:not at safepoint (normal execution)

VM Mutex/Monitor currently owned by a thread: None

Heap address: 0x0000000080000000, size: 2048 MB, Compressed Oops mode: 32-bit
Narrow klass base: 0x0000000000000000, Narrow klass shift: 3
Compressed class space size: 1073741824 Address: 0x0000000100000000

Heap:
 garbage-first heap   total 129024K, used 37904K [0x0000000080000000, 0x0000000100000000)
  region size 1024K, 13 young (13312K), 9 survivors (9216K)
 Metaspace       used 43705K, capacity 44659K, committed 44880K, reserved 1087488K
  class space    used 5588K, capacity 5910K, committed 6016K, reserved 1048576K
Heap Regions: E=young(eden), S=young(survivor), O=old, HS=humongous(starts), HC=humongous(continues), CS=collection set, F=free, A=archive, TAMS=top-at-mark-start (previous, next)
|   0|0x0000000080000000, 0x0000000080100000, 0x0000000080100000|100%| O|  |TAMS 0x0000000080100000, 0x0000000080000000| Untracked 
|   1|0x0000000080100000, 0x0000000080200000, 0x0000000080200000|100%| O|  |TAMS 0x0000000080200000, 0x0000000080100000| Untracked 
|   2|0x0000000080200000, 0x0000000080300000, 0x0000000080300000|100%| O|  |TAMS 0x0000000080300000, 0x0000000080200000| Untracked 
|   3|0x0000000080300000, 0x0000000080400000, 0x0000000080400000|100%|HS|  |TAMS 0x0000000080400000, 0x0000000080300000| Complete 
|   4|0x0000000080400000, 0x0000000080500000, 0x0000000080500000|100%|HC|  |TAMS 0x0000000080500000, 0x0000000080400000| Complete 
|   5|0x0000000080500000, 0x0000000080600000, 0x0000000080600000|100%|HC|  |TAMS 0x0000000080600000, 0x0000000080500000| Complete 
|   6|0x0000000080600000, 0x0000000080700000, 0x0000000080700000|100%| O|  |TAMS 0x0000000080700000, 0x0000000080600000| Untracked 
|   7|0x0000000080700000, 0x0000000080800000, 0x0000000080800000|100%| O|  |TAMS 0x0000000080800000, 0x0000000080700000| Untracked 
|   8|0x0000000080800000, 0x0000000080900000, 0x0000000080900000|100%| O|  |TAMS 0x0000000080900000, 0x0000000080800000| Untracked 
|   9|0x0000000080900000, 0x0000000080a00000, 0x0000000080a00000|100%| O|  |TAMS 0x0000000080a00000, 0x0000000080900000| Untracked 
|  10|0x0000000080a00000, 0x0000000080b00000, 0x0000000080b00000|100%| O|  |TAMS 0x0000000080b00000, 0x0000000080a00000| Untracked 
|  11|0x0000000080b00000, 0x0000000080c00000, 0x0000000080c00000|100%| O|  |TAMS 0x0000000080c00000, 0x0000000080b00000| Untracked 
|  12|0x0000000080c00000, 0x0000000080d00000, 0x0000000080d00000|100%| O|  |TAMS 0x0000000080d00000, 0x0000000080c00000| Untracked 
|  13|0x0000000080d00000, 0x0000000080e00000, 0x0000000080e00000|100%| O|  |TAMS 0x0000000080e00000, 0x0000000080d00000| Untracked 
|  14|0x0000000080e00000, 0x0000000080f00000, 0x0000000080f00000|100%| O|  |TAMS 0x0000000080f00000, 0x0000000080e00000| Untracked 
|  15|0x0000000080f00000, 0x0000000081000000, 0x0000000081000000|100%| O|  |TAMS 0x0000000080f38600, 0x0000000080f00000| Untracked 
|  16|0x0000000081000000, 0x0000000081100000, 0x0000000081100000|100%|HS|  |TAMS 0x0000000081000000, 0x0000000081000000| Complete 
|  17|0x0000000081100000, 0x0000000081200000, 0x0000000081200000|100%|HS|  |TAMS 0x0000000081100000, 0x0000000081100000| Complete 
|  18|0x0000000081200000, 0x0000000081300000, 0x0000000081300000|100%|HC|  |TAMS 0x0000000081200000, 0x0000000081200000| Complete 
|  19|0x0000000081300000, 0x0000000081400000, 0x0000000081400000|100%| O|  |TAMS 0x0000000081300000, 0x0000000081300000| Untracked 
|  20|0x0000000081400000, 0x0000000081500000, 0x0000000081500000|100%| O|  |TAMS 0x0000000081400000, 0x0000000081400000| Untracked 
|  21|0x0000000081500000, 0x0000000081600000, 0x0000000081600000|100%| O|  |TAMS 0x0000000081500000, 0x0000000081500000| Untracked 
|  22|0x0000000081600000, 0x0000000081700000, 0x0000000081700000|100%| O|  |TAMS 0x0000000081600000, 0x0000000081600000| Untracked 
|  23|0x0000000081700000, 0x0000000081800000, 0x0000000081800000|100%| O|  |TAMS 0x0000000081700000, 0x0000000081700000| Untracked 
|  24|0x0000000081800000, 0x0000000081900000, 0x0000000081900000|100%| O|  |TAMS 0x0000000081800000, 0x0000000081800000| Untracked 
|  25|0x0000000081900000, 0x0000000081904000, 0x0000000081a00000|  1%| O|  |TAMS 0x0000000081900000, 0x0000000081900000| Untracked 
|  26|0x0000000081a00000, 0x0000000081a00000, 0x0000000081b00000|  0%| F|  |TAMS 0x0000000081a00000, 0x0000000081a00000| Untracked 
|  27|0x0000000081b00000, 0x0000000081b00000, 0x0000000081c00000|  0%| F|  |TAMS 0x0000000081b00000, 0x0000000081b00000| Untracked 
|  28|0x0000000081c00000, 0x0000000081c00000, 0x0000000081d00000|  0%| F|  |TAMS 0x0000000081c00000, 0x0000000081c00000| Untracked 
|  29|0x0000000081d00000, 0x0000000081d00000, 0x0000000081e00000|  0%| F|  |TAMS 0x0000000081d00000, 0x0000000081d00000| Untracked 
|  30|0x0000000081e00000, 0x0000000081e00000, 0x0000000081f00000|  0%| F|  |TAMS 0x0000000081e00000, 0x0000000081e00000| Untracked 
|  31|0x0000000081f00000, 0x0000000081f00000, 0x0000000082000000|  0%| F|  |TAMS 0x0000000081f00000, 0x0000000081f00000| Untracked 
|  32|0x0000000082000000, 0x0000000082000000, 0x0000000082100000|  0%| F|  |TAMS 0x0000000082000000, 0x0000000082000000| Untracked 
|  33|0x0000000082100000, 0x0000000082100000, 0x0000000082200000|  0%| F|  |TAMS 0x0000000082100000, 0x0000000082100000| Untracked 
|  34|0x0000000082200000, 0x0000000082200000, 0x0000000082300000|  0%| F|  |TAMS 0x0000000082200000, 0x0000000082200000| Untracked 
|  35|0x0000000082300000, 0x0000000082300000, 0x0000000082400000|  0%| F|  |TAMS 0x0000000082300000, 0x0000000082300000| Untracked 
|  36|0x0000000082400000, 0x0000000082400000, 0x0000000082500000|  0%| F|  |TAMS 0x0000000082400000, 0x0000000082400000| Untracked 
|  37|0x0000000082500000, 0x0000000082500000, 0x0000000082600000|  0%| F|  |TAMS 0x0000000082500000, 0x0000000082500000| Untracked 
|  38|0x0000000082600000, 0x0000000082600000, 0x0000000082700000|  0%| F|  |TAMS 0x0000000082600000, 0x0000000082600000| Untracked 
|  39|0x0000000082700000, 0x0000000082700000, 0x0000000082800000|  0%| F|  |TAMS 0x0000000082700000, 0x0000000082700000| Untracked 
|  40|0x0000000082800000, 0x0000000082800000, 0x0000000082900000|  0%| F|  |TAMS 0x0000000082800000, 0x0000000082800000| Untracked 
|  41|0x0000000082900000, 0x0000000082900000, 0x0000000082a00000|  0%| F|  |TAMS 0x0000000082900000, 0x0000000082900000| Untracked 
|  42|0x0000000082a00000, 0x0000000082a00000, 0x0000000082b00000|  0%| F|  |TAMS 0x0000000082a00000, 0x0000000082a00000| Untracked 
|  43|0x0000000082b00000, 0x0000000082b00000, 0x0000000082c00000|  0%| F|  |TAMS 0x0000000082b00000, 0x0000000082b00000| Untracked 
|  44|0x0000000082c00000, 0x0000000082c00000, 0x0000000082d00000|  0%| F|  |TAMS 0x0000000082c00000, 0x0000000082c00000| Untracked 
|  45|0x0000000082d00000, 0x0000000082d00000, 0x0000000082e00000|  0%| F|  |TAMS 0x0000000082d00000, 0x0000000082d00000| Untracked 
|  46|0x0000000082e00000, 0x0000000082e00000, 0x0000000082f00000|  0%| F|  |TAMS 0x0000000082e00000, 0x0000000082e00000| Untracked 
|  47|0x0000000082f00000, 0x0000000082f00000, 0x0000000083000000|  0%| F|  |TAMS 0x0000000082f00000, 0x0000000082f00000| Untracked 
|  48|0x0000000083000000, 0x0000000083000000, 0x0000000083100000|  0%| F|  |TAMS 0x0000000083000000, 0x0000000083000000| Untracked 
|  49|0x0000000083100000, 0x0000000083100000, 0x0000000083200000|  0%| F|  |TAMS 0x0000000083100000, 0x0000000083100000| Untracked 
|  50|0x0000000083200000, 0x0000000083200000, 0x0000000083300000|  0%| F|  |TAMS 0x0000000083200000, 0x0000000083200000| Untracked 
|  51|0x0000000083300000, 0x0000000083300000, 0x0000000083400000|  0%| F|  |TAMS 0x0000000083300000, 0x0000000083300000| Untracked 
|  52|0x0000000083400000, 0x0000000083500000, 0x0000000083500000|100%| S|CS|TAMS 0x0000000083400000, 0x0000000083400000| Complete 
|  53|0x0000000083500000, 0x0000000083600000, 0x0000000083600000|100%| S|CS|TAMS 0x0000000083500000, 0x0000000083500000| Complete 
|  54|0x0000000083600000, 0x0000000083700000, 0x0000000083700000|100%| S|CS|TAMS 0x0000000083600000, 0x0000000083600000| Complete 
|  55|0x0000000083700000, 0x0000000083800000, 0x0000000083800000|100%| S|CS|TAMS 0x0000000083700000, 0x0000000083700000| Complete 
|  56|0x0000000083800000, 0x0000000083800000, 0x0000000083900000|  0%| F|  |TAMS 0x0000000083800000, 0x0000000083800000| Untracked 
|  57|0x0000000083900000, 0x0000000083900000, 0x0000000083a00000|  0%| F|  |TAMS 0x0000000083900000, 0x0000000083900000| Untracked 
|  58|0x0000000083a00000, 0x0000000083a00000, 0x0000000083b00000|  0%| F|  |TAMS 0x0000000083a00000, 0x0000000083a00000| Untracked 
|  59|0x0000000083b00000, 0x0000000083b00000, 0x0000000083c00000|  0%| F|  |TAMS 0x0000000083b00000, 0x0000000083b00000| Untracked 
|  60|0x0000000083c00000, 0x0000000083c00000, 0x0000000083d00000|  0%| F|  |TAMS 0x0000000083c00000, 0x0000000083c00000| Untracked 
|  61|0x0000000083d00000, 0x0000000083d00000, 0x0000000083e00000|  0%| F|  |TAMS 0x0000000083d00000, 0x0000000083d00000| Untracked 
|  62|0x0000000083e00000, 0x0000000083e00000, 0x0000000083f00000|  0%| F|  |TAMS 0x0000000083e00000, 0x0000000083e00000| Untracked 
|  63|0x0000000083f00000, 0x0000000084000000, 0x0000000084000000|100%| S|CS|TAMS 0x0000000083f00000, 0x0000000083f00000| Complete 
|  64|0x0000000084000000, 0x0000000084100000, 0x0000000084100000|100%| S|CS|TAMS 0x0000000084000000, 0x0000000084000000| Complete 
|  65|0x0000000084100000, 0x0000000084200000, 0x0000000084200000|100%| S|CS|TAMS 0x0000000084100000, 0x0000000084100000| Complete 
|  66|0x0000000084200000, 0x0000000084300000, 0x0000000084300000|100%| S|CS|TAMS 0x0000000084200000, 0x0000000084200000| Complete 
|  67|0x0000000084300000, 0x0000000084400000, 0x0000000084400000|100%| S|CS|TAMS 0x0000000084300000, 0x0000000084300000| Complete 
|  68|0x0000000084400000, 0x0000000084400000, 0x0000000084500000|  0%| F|  |TAMS 0x0000000084400000, 0x0000000084400000| Untracked 
|  69|0x0000000084500000, 0x0000000084500000, 0x0000000084600000|  0%| F|  |TAMS 0x0000000084500000, 0x0000000084500000| Untracked 
|  70|0x0000000084600000, 0x0000000084600000, 0x0000000084700000|  0%| F|  |TAMS 0x0000000084600000, 0x0000000084600000| Untracked 
|  71|0x0000000084700000, 0x0000000084700000, 0x0000000084800000|  0%| F|  |TAMS 0x0000000084700000, 0x0000000084700000| Untracked 
|  72|0x0000000084800000, 0x0000000084800000, 0x0000000084900000|  0%| F|  |TAMS 0x0000000084800000, 0x0000000084800000| Untracked 
|  73|0x0000000084900000, 0x0000000084900000, 0x0000000084a00000|  0%| F|  |TAMS 0x0000000084900000, 0x0000000084900000| Untracked 
|  74|0x0000000084a00000, 0x0000000084a00000, 0x0000000084b00000|  0%| F|  |TAMS 0x0000000084a00000, 0x0000000084a00000| Untracked 
|  75|0x0000000084b00000, 0x0000000084b00000, 0x0000000084c00000|  0%| F|  |TAMS 0x0000000084b00000, 0x0000000084b00000| Untracked 
|  76|0x0000000084c00000, 0x0000000084c00000, 0x0000000084d00000|  0%| F|  |TAMS 0x0000000084c00000, 0x0000000084c00000| Untracked 
|  77|0x0000000084d00000, 0x0000000084d00000, 0x0000000084e00000|  0%| F|  |TAMS 0x0000000084d00000, 0x0000000084d00000| Untracked 
|  78|0x0000000084e00000, 0x0000000084e00000, 0x0000000084f00000|  0%| F|  |TAMS 0x0000000084e00000, 0x0000000084e00000| Untracked 
|  79|0x0000000084f00000, 0x0000000084f00000, 0x0000000085000000|  0%| F|  |TAMS 0x0000000084f00000, 0x0000000084f00000| Untracked 
|  80|0x0000000085000000, 0x0000000085000000, 0x0000000085100000|  0%| F|  |TAMS 0x0000000085000000, 0x0000000085000000| Untracked 
|  81|0x0000000085100000, 0x0000000085100000, 0x0000000085200000|  0%| F|  |TAMS 0x0000000085100000, 0x0000000085100000| Untracked 
|  82|0x0000000085200000, 0x0000000085200000, 0x0000000085300000|  0%| F|  |TAMS 0x0000000085200000, 0x0000000085200000| Untracked 
|  83|0x0000000085300000, 0x0000000085300000, 0x0000000085400000|  0%| F|  |TAMS 0x0000000085300000, 0x0000000085300000| Untracked 
|  84|0x0000000085400000, 0x0000000085400000, 0x0000000085500000|  0%| F|  |TAMS 0x0000000085400000, 0x0000000085400000| Untracked 
|  85|0x0000000085500000, 0x0000000085500000, 0x0000000085600000|  0%| F|  |TAMS 0x0000000085500000, 0x0000000085500000| Untracked 
|  86|0x0000000085600000, 0x0000000085600000, 0x0000000085700000|  0%| F|  |TAMS 0x0000000085600000, 0x0000000085600000| Untracked 
|  87|0x0000000085700000, 0x0000000085700000, 0x0000000085800000|  0%| F|  |TAMS 0x0000000085700000, 0x0000000085700000| Untracked 
|  88|0x0000000085800000, 0x0000000085800000, 0x0000000085900000|  0%| F|  |TAMS 0x0000000085800000, 0x0000000085800000| Untracked 
|  89|0x0000000085900000, 0x0000000085900000, 0x0000000085a00000|  0%| F|  |TAMS 0x0000000085900000, 0x0000000085900000| Untracked 
|  90|0x0000000085a00000, 0x0000000085a00000, 0x0000000085b00000|  0%| F|  |TAMS 0x0000000085a00000, 0x0000000085a00000| Untracked 
|  91|0x0000000085b00000, 0x0000000085b00000, 0x0000000085c00000|  0%| F|  |TAMS 0x0000000085b00000, 0x0000000085b00000| Untracked 
|  92|0x0000000085c00000, 0x0000000085c00000, 0x0000000085d00000|  0%| F|  |TAMS 0x0000000085c00000, 0x0000000085c00000| Untracked 
|  93|0x0000000085d00000, 0x0000000085d00000, 0x0000000085e00000|  0%| F|  |TAMS 0x0000000085d00000, 0x0000000085d00000| Untracked 
|  94|0x0000000085e00000, 0x0000000085e00000, 0x0000000085f00000|  0%| F|  |TAMS 0x0000000085e00000, 0x0000000085e00000| Untracked 
|  95|0x0000000085f00000, 0x0000000085f00000, 0x0000000086000000|  0%| F|  |TAMS 0x0000000085f00000, 0x0000000085f00000| Untracked 
|  96|0x0000000086000000, 0x0000000086000000, 0x0000000086100000|  0%| F|  |TAMS 0x0000000086000000, 0x0000000086000000| Untracked 
|  97|0x0000000086100000, 0x0000000086100000, 0x0000000086200000|  0%| F|  |TAMS 0x0000000086100000, 0x0000000086100000| Untracked 
|  98|0x0000000086200000, 0x0000000086200000, 0x0000000086300000|  0%| F|  |TAMS 0x0000000086200000, 0x0000000086200000| Untracked 
|  99|0x0000000086300000, 0x0000000086300000, 0x0000000086400000|  0%| F|  |TAMS 0x0000000086300000, 0x0000000086300000| Untracked 
| 100|0x0000000086400000, 0x0000000086400000, 0x0000000086500000|  0%| F|  |TAMS 0x0000000086400000, 0x0000000086400000| Untracked 
| 101|0x0000000086500000, 0x0000000086500000, 0x0000000086600000|  0%| F|  |TAMS 0x0000000086500000, 0x0000000086500000| Untracked 
| 102|0x0000000086600000, 0x0000000086600000, 0x0000000086700000|  0%| F|  |TAMS 0x0000000086600000, 0x0000000086600000| Untracked 
| 103|0x0000000086700000, 0x0000000086700000, 0x0000000086800000|  0%| F|  |TAMS 0x0000000086700000, 0x0000000086700000| Untracked 
| 104|0x0000000086800000, 0x0000000086800000, 0x0000000086900000|  0%| F|  |TAMS 0x0000000086800000, 0x0000000086800000| Untracked 
| 105|0x0000000086900000, 0x0000000086900000, 0x0000000086a00000|  0%| F|  |TAMS 0x0000000086900000, 0x0000000086900000| Untracked 
| 106|0x0000000086a00000, 0x0000000086a00000, 0x0000000086b00000|  0%| F|  |TAMS 0x0000000086a00000, 0x0000000086a00000| Untracked 
| 107|0x0000000086b00000, 0x0000000086b00000, 0x0000000086c00000|  0%| F|  |TAMS 0x0000000086b00000, 0x0000000086b00000| Untracked 
| 108|0x0000000086c00000, 0x0000000086c00000, 0x0000000086d00000|  0%| F|  |TAMS 0x0000000086c00000, 0x0000000086c00000| Untracked 
| 109|0x0000000086d00000, 0x0000000086d00000, 0x0000000086e00000|  0%| F|  |TAMS 0x0000000086d00000, 0x0000000086d00000| Untracked 
| 110|0x0000000086e00000, 0x0000000086e00000, 0x0000000086f00000|  0%| F|  |TAMS 0x0000000086e00000, 0x0000000086e00000| Untracked 
| 111|0x0000000086f00000, 0x0000000086f00000, 0x0000000087000000|  0%| F|  |TAMS 0x0000000086f00000, 0x0000000086f00000| Untracked 
| 112|0x0000000087000000, 0x0000000087000000, 0x0000000087100000|  0%| F|  |TAMS 0x0000000087000000, 0x0000000087000000| Untracked 
| 113|0x0000000087100000, 0x0000000087100000, 0x0000000087200000|  0%| F|  |TAMS 0x0000000087100000, 0x0000000087100000| Untracked 
| 114|0x0000000087200000, 0x0000000087200000, 0x0000000087300000|  0%| F|  |TAMS 0x0000000087200000, 0x0000000087200000| Untracked 
| 115|0x0000000087300000, 0x0000000087300000, 0x0000000087400000|  0%| F|  |TAMS 0x0000000087300000, 0x0000000087300000| Untracked 
| 116|0x0000000087400000, 0x0000000087400000, 0x0000000087500000|  0%| F|  |TAMS 0x0000000087400000, 0x0000000087400000| Untracked 
| 117|0x0000000087500000, 0x0000000087500000, 0x0000000087600000|  0%| F|  |TAMS 0x0000000087500000, 0x0000000087500000| Untracked 
| 118|0x0000000087600000, 0x0000000087600000, 0x0000000087700000|  0%| F|  |TAMS 0x0000000087600000, 0x0000000087600000| Untracked 
| 119|0x0000000087700000, 0x0000000087700000, 0x0000000087800000|  0%| F|  |TAMS 0x0000000087700000, 0x0000000087700000| Untracked 
| 120|0x0000000087800000, 0x0000000087800000, 0x0000000087900000|  0%| F|  |TAMS 0x0000000087800000, 0x0000000087800000| Untracked 
| 121|0x0000000087900000, 0x0000000087900000, 0x0000000087a00000|  0%| F|  |TAMS 0x0000000087900000, 0x0000000087900000| Untracked 
| 122|0x0000000087a00000, 0x0000000087b00000, 0x0000000087b00000|100%| E|  |TAMS 0x0000000087a00000, 0x0000000087a00000| Complete 
| 123|0x0000000087b00000, 0x0000000087c00000, 0x0000000087c00000|100%| E|CS|TAMS 0x0000000087b00000, 0x0000000087b00000| Complete 
| 124|0x0000000087c00000, 0x0000000087d00000, 0x0000000087d00000|100%| E|CS|TAMS 0x0000000087c00000, 0x0000000087c00000| Complete 
| 125|0x0000000087d00000, 0x0000000087e00000, 0x0000000087e00000|100%| E|CS|TAMS 0x0000000087d00000, 0x0000000087d00000| Complete 

Card table byte_map: [0x0000027deeab0000,0x0000027deeeb0000] _byte_map_base: 0x0000027dee6b0000

Marking Bits (Prev, Next): (CMBitMap*) 0x0000027ddbbfe508, (CMBitMap*) 0x0000027ddbbfe540
 Prev Bits: [0x0000027def2b0000, 0x0000027df12b0000)
 Next Bits: [0x0000027df12b0000, 0x0000027df32b0000)

Polling page: 0x0000027dd9ba0000

Metaspace:

Usage:
  Non-class:     37.84 MB capacity,    37.22 MB ( 98%) used,   540.62 KB (  1%) free+waste,    90.63 KB ( <1%) overhead. 
      Class:      5.77 MB capacity,     5.46 MB ( 95%) used,   278.97 KB (  5%) free+waste,    43.00 KB ( <1%) overhead. 
       Both:     43.61 MB capacity,    42.68 MB ( 98%) used,   819.59 KB (  2%) free+waste,   133.63 KB ( <1%) overhead. 

Virtual space:
  Non-class space:       38.00 MB reserved,      37.95 MB (>99%) committed 
      Class space:        1.00 GB reserved,       5.88 MB ( <1%) committed 
             Both:        1.04 GB reserved,      43.83 MB (  4%) committed 

Chunk freelists:
   Non-Class:  51.00 KB
       Class:  10.00 KB
        Both:  61.00 KB

MaxMetaspaceSize: 17179869184.00 GB
CompressedClassSpaceSize: 1.00 GB

CodeHeap 'non-profiled nmethods': size=120064Kb used=2163Kb max_used=2163Kb free=117900Kb
 bounds [0x0000027de7170000, 0x0000027de73e0000, 0x0000027dee6b0000]
CodeHeap 'profiled nmethods': size=120000Kb used=8910Kb max_used=8910Kb free=111089Kb
 bounds [0x0000027ddfc40000, 0x0000027de0500000, 0x0000027de7170000]
CodeHeap 'non-nmethods': size=5696Kb used=2197Kb max_used=2236Kb free=3498Kb
 bounds [0x0000027ddf6b0000, 0x0000027ddf920000, 0x0000027ddfc40000]
 total_blobs=5052 nmethods=4295 adapters=668
 compilation: enabled
              stopped_count=0, restarted_count=0
 full_count=0

Compilation events (20 events):
Event: 35.553 Thread 0x0000027df57a9800 nmethod 4281 0x0000027de738b790 code [0x0000027de738b960, 0x0000027de738bd58]
Event: 35.554 Thread 0x0000027df57a9800 4282       4       java.nio.Buffer::<init> (99 bytes)
Event: 35.554 Thread 0x0000027df57a9800 nmethod 4282 0x0000027de738c290 code [0x0000027de738c420, 0x0000027de738c4f8]
Event: 35.557 Thread 0x0000027df57b0800 4283       1       com.google.common.collect.LinkedHashMultimap$ValueEntry::getSuccessorInValueSet (5 bytes)
Event: 35.557 Thread 0x0000027df57b0800 nmethod 4283 0x0000027de738c610 code [0x0000027de738c7c0, 0x0000027de738c878]
Event: 35.559 Thread 0x0000027df57b0800 4284       3       org.gradle.internal.instantiation.generator.AbstractClassGenerator$GeneratedClassImpl$GeneratedConstructorImpl::getParameterTypes (8 bytes)
Event: 35.559 Thread 0x0000027df57b0800 nmethod 4284 0x0000027de04e5490 code [0x0000027de04e5660, 0x0000027de04e5968]
Event: 35.576 Thread 0x0000027df57b0800 4285  s    3       java.io.ByteArrayInputStream::read (73 bytes)
Event: 35.577 Thread 0x0000027df57b0800 nmethod 4285 0x0000027de04e5a90 code [0x0000027de04e5c80, 0x0000027de04e6318]
Event: 35.578 Thread 0x0000027df57b0800 4286       3       org.gradle.internal.remote.internal.inet.MultiChoiceAddressSerializer::read (95 bytes)
Event: 35.579 Thread 0x0000027df57b0800 nmethod 4286 0x0000027de04e6510 code [0x0000027de04e67e0, 0x0000027de04e7798]
Event: 35.579 Thread 0x0000027df57b0800 4287       3       org.gradle.internal.serialize.AbstractDecoder::readNullableString (14 bytes)
Event: 35.579 Thread 0x0000027df57b0800 nmethod 4287 0x0000027de04e7e10 code [0x0000027de04e7fe0, 0x0000027de04e82b8]
Event: 35.580 Thread 0x0000027df57b0800 4288       1       org.gradle.launcher.daemon.registry.DaemonInfo::getState (5 bytes)
Event: 35.580 Thread 0x0000027df57b0800 nmethod 4288 0x0000027de738c910 code [0x0000027de738cac0, 0x0000027de738cb78]
Event: 35.583 Thread 0x0000027df57b0800 4289       3       org.gradle.launcher.daemon.registry.DaemonInfo::<init> (39 bytes)
Event: 35.583 Thread 0x0000027df57b0800 nmethod 4289 0x0000027de04e8390 code [0x0000027de04e8560, 0x0000027de04e88f8]
Event: 35.600 Thread 0x0000027df57a9800 4290       4       java.lang.PublicMethods::merge (81 bytes)
Event: 35.609 Thread 0x0000027df57b0800 4292       1       org.codehaus.groovy.runtime.metaclass.NewStaticMetaMethod::getModifiers (3 bytes)
Event: 35.609 Thread 0x0000027df57b0800 nmethod 4292 0x0000027de738cc10 code [0x0000027de738cdc0, 0x0000027de738ce78]

GC Heap History (18 events):
Event: 1.510 GC heap before
{Heap before GC invocations=0 (full 0):
 garbage-first heap   total 129024K, used 20480K [0x0000000080000000, 0x0000000100000000)
  region size 1024K, 14 young (14336K), 0 survivors (0K)
 Metaspace       used 7598K, capacity 7799K, committed 7936K, reserved 1056768K
  class space    used 700K, capacity 748K, committed 768K, reserved 1048576K
}
Event: 1.516 GC heap after
{Heap after GC invocations=1 (full 0):
 garbage-first heap   total 129024K, used 8195K [0x0000000080000000, 0x0000000100000000)
  region size 1024K, 2 young (2048K), 2 survivors (2048K)
 Metaspace       used 7598K, capacity 7799K, committed 7936K, reserved 1056768K
  class space    used 700K, capacity 748K, committed 768K, reserved 1048576K
}
Event: 1.896 GC heap before
{Heap before GC invocations=1 (full 0):
 garbage-first heap   total 129024K, used 15363K [0x0000000080000000, 0x0000000100000000)
  region size 1024K, 9 young (9216K), 2 survivors (2048K)
 Metaspace       used 9720K, capacity 9940K, committed 10112K, reserved 1058816K
  class space    used 1002K, capacity 1060K, committed 1152K, reserved 1048576K
}
Event: 1.898 GC heap after
{Heap after GC invocations=2 (full 0):
 garbage-first heap   total 129024K, used 8744K [0x0000000080000000, 0x0000000100000000)
  region size 1024K, 1 young (1024K), 1 survivors (1024K)
 Metaspace       used 9720K, capacity 9940K, committed 10112K, reserved 1058816K
  class space    used 1002K, capacity 1060K, committed 1152K, reserved 1048576K
}
Event: 2.416 GC heap before
{Heap before GC invocations=2 (full 0):
 garbage-first heap   total 129024K, used 32296K [0x0000000080000000, 0x0000000100000000)
  region size 1024K, 25 young (25600K), 1 survivors (1024K)
 Metaspace       used 10627K, capacity 10829K, committed 11008K, reserved 1058816K
  class space    used 1103K, capacity 1164K, committed 1280K, reserved 1048576K
}
Event: 2.421 GC heap after
{Heap after GC invocations=3 (full 0):
 garbage-first heap   total 129024K, used 10255K [0x0000000080000000, 0x0000000100000000)
  region size 1024K, 3 young (3072K), 3 survivors (3072K)
 Metaspace       used 10627K, capacity 10829K, committed 11008K, reserved 1058816K
  class space    used 1103K, capacity 1164K, committed 1280K, reserved 1048576K
}
Event: 7.474 GC heap before
{Heap before GC invocations=3 (full 0):
 garbage-first heap   total 129024K, used 47119K [0x0000000080000000, 0x0000000100000000)
  region size 1024K, 39 young (39936K), 3 survivors (3072K)
 Metaspace       used 17412K, capacity 17916K, committed 18176K, reserved 1064960K
  class space    used 2041K, capacity 2196K, committed 2304K, reserved 1048576K
}
Event: 7.514 GC heap after
{Heap after GC invocations=4 (full 0):
 garbage-first heap   total 129024K, used 15591K [0x0000000080000000, 0x0000000100000000)
  region size 1024K, 5 young (5120K), 5 survivors (5120K)
 Metaspace       used 17412K, capacity 17916K, committed 18176K, reserved 1064960K
  class space    used 2041K, capacity 2196K, committed 2304K, reserved 1048576K
}
Event: 10.811 GC heap before
{Heap before GC invocations=4 (full 0):
 garbage-first heap   total 129024K, used 36071K [0x0000000080000000, 0x0000000100000000)
  region size 1024K, 26 young (26624K), 5 survivors (5120K)
 Metaspace       used 20720K, capacity 21110K, committed 21248K, reserved 1069056K
  class space    used 2424K, capacity 2541K, committed 2560K, reserved 1048576K
}
Event: 10.821 GC heap after
{Heap after GC invocations=5 (full 0):
 garbage-first heap   total 129024K, used 16437K [0x0000000080000000, 0x0000000100000000)
  region size 1024K, 6 young (6144K), 6 survivors (6144K)
 Metaspace       used 20720K, capacity 21110K, committed 21248K, reserved 1069056K
  class space    used 2424K, capacity 2541K, committed 2560K, reserved 1048576K
}
Event: 13.549 GC heap before
{Heap before GC invocations=6 (full 0):
 garbage-first heap   total 129024K, used 64565K [0x0000000080000000, 0x0000000100000000)
  region size 1024K, 53 young (54272K), 6 survivors (6144K)
 Metaspace       used 26512K, capacity 27171K, committed 27516K, reserved 1073152K
  class space    used 3382K, capacity 3586K, committed 3712K, reserved 1048576K
}
Event: 13.558 GC heap after
{Heap after GC invocations=7 (full 0):
 garbage-first heap   total 129024K, used 18205K [0x0000000080000000, 0x0000000100000000)
  region size 1024K, 3 young (3072K), 3 survivors (3072K)
 Metaspace       used 26512K, capacity 27171K, committed 27516K, reserved 1073152K
  class space    used 3382K, capacity 3586K, committed 3712K, reserved 1048576K
}
Event: 18.221 GC heap before
{Heap before GC invocations=7 (full 0):
 garbage-first heap   total 129024K, used 64285K [0x0000000080000000, 0x0000000100000000)
  region size 1024K, 49 young (50176K), 3 survivors (3072K)
 Metaspace       used 35223K, capacity 35911K, committed 36048K, reserved 1081344K
  class space    used 4491K, capacity 4777K, committed 4864K, reserved 1048576K
}
Event: 18.237 GC heap after
{Heap after GC invocations=8 (full 0):
 garbage-first heap   total 129024K, used 21605K [0x0000000080000000, 0x0000000100000000)
  region size 1024K, 6 young (6144K), 6 survivors (6144K)
 Metaspace       used 35223K, capacity 35911K, committed 36048K, reserved 1081344K
  class space    used 4491K, capacity 4777K, committed 4864K, reserved 1048576K
}
Event: 21.926 GC heap before
{Heap before GC invocations=9 (full 0):
 garbage-first heap   total 129024K, used 82021K [0x0000000080000000, 0x0000000100000000)
  region size 1024K, 63 young (64512K), 6 survivors (6144K)
 Metaspace       used 40535K, capacity 41406K, committed 41552K, reserved 1085440K
  class space    used 5182K, capacity 5492K, committed 5504K, reserved 1048576K
}
Event: 21.940 GC heap after
{Heap after GC invocations=10 (full 0):
 garbage-first heap   total 129024K, used 24826K [0x0000000080000000, 0x0000000100000000)
  region size 1024K, 7 young (7168K), 7 survivors (7168K)
 Metaspace       used 40535K, capacity 41406K, committed 41552K, reserved 1085440K
  class space    used 5182K, capacity 5492K, committed 5504K, reserved 1048576K
}
Event: 35.493 GC heap before
{Heap before GC invocations=10 (full 0):
 garbage-first heap   total 129024K, used 86266K [0x0000000080000000, 0x0000000100000000)
  region size 1024K, 65 young (66560K), 7 survivors (7168K)
 Metaspace       used 43521K, capacity 44493K, committed 44752K, reserved 1087488K
  class space    used 5560K, capacity 5877K, committed 5888K, reserved 1048576K
}
Event: 35.529 GC heap after
{Heap after GC invocations=11 (full 0):
 garbage-first heap   total 129024K, used 34832K [0x0000000080000000, 0x0000000100000000)
  region size 1024K, 9 young (9216K), 9 survivors (9216K)
 Metaspace       used 43521K, capacity 44493K, committed 44752K, reserved 1087488K
  class space    used 5560K, capacity 5877K, committed 5888K, reserved 1048576K
}

Deoptimization events (20 events):
Event: 34.498 Thread 0x0000027df70f1000 DEOPT PACKING pc=0x0000027de0319871 sp=0x000000a8149faa90
Event: 34.498 Thread 0x0000027df70f1000 DEOPT UNPACKING pc=0x0000027ddf6d76ce sp=0x000000a8149f9f88 mode 0
Event: 34.501 Thread 0x0000027df70f1000 DEOPT PACKING pc=0x0000027de04b2104 sp=0x000000a8149faad0
Event: 34.501 Thread 0x0000027df70f1000 DEOPT UNPACKING pc=0x0000027ddf6d76ce sp=0x000000a8149fa020 mode 0
Event: 34.856 Thread 0x0000027df70f1000 DEOPT PACKING pc=0x0000027ddfea07da sp=0x000000a8149f2db0
Event: 34.856 Thread 0x0000027df70f1000 DEOPT UNPACKING pc=0x0000027ddf6d76ce sp=0x000000a8149f2238 mode 0
Event: 34.861 Thread 0x0000027df70f1000 DEOPT PACKING pc=0x0000027ddfd45c7a sp=0x000000a8149f3270
Event: 34.861 Thread 0x0000027df70f1000 DEOPT UNPACKING pc=0x0000027ddf6d76ce sp=0x000000a8149f2858 mode 0
Event: 34.959 Thread 0x0000027df70f1000 DEOPT PACKING pc=0x0000027de04c812a sp=0x000000a8149f2df0
Event: 34.959 Thread 0x0000027df70f1000 DEOPT UNPACKING pc=0x0000027ddf6d76ce sp=0x000000a8149f23c8 mode 0
Event: 35.131 Thread 0x0000027df70f1000 DEOPT PACKING pc=0x0000027de04c812a sp=0x000000a8149f2df0
Event: 35.131 Thread 0x0000027df70f1000 DEOPT UNPACKING pc=0x0000027ddf6d76ce sp=0x000000a8149f23c8 mode 0
Event: 35.232 Thread 0x0000027df70f1000 DEOPT PACKING pc=0x0000027de04c812a sp=0x000000a8149f2df0
Event: 35.232 Thread 0x0000027df70f1000 DEOPT UNPACKING pc=0x0000027ddf6d76ce sp=0x000000a8149f23c8 mode 0
Event: 35.314 Thread 0x0000027df70f1000 DEOPT PACKING pc=0x0000027de04c812a sp=0x000000a8149f2df0
Event: 35.314 Thread 0x0000027df70f1000 DEOPT UNPACKING pc=0x0000027ddf6d76ce sp=0x000000a8149f23c8 mode 0
Event: 35.450 Thread 0x0000027df70f1000 Uncommon trap: trap_request=0xffffffc6 fr.pc=0x0000027de72cbe38 relative=0x00000000000039f8
Event: 35.450 Thread 0x0000027df70f1000 Uncommon trap: reason=bimorphic_or_optimized_type_check action=maybe_recompile pc=0x0000027de72cbe38 method=java.util.AbstractCollection.addAll(Ljava/util/Collection;)Z @ 29 c2
Event: 35.450 Thread 0x0000027df70f1000 DEOPT PACKING pc=0x0000027de72cbe38 sp=0x000000a8149fa430
Event: 35.450 Thread 0x0000027df70f1000 DEOPT UNPACKING pc=0x0000027ddf6d78af sp=0x000000a8149fa430 mode 2

Classes redefined (0 events):
No events

Internal exceptions (20 events):
Event: 35.303 Thread 0x0000027df70f1000 Exception <a 'java/security/PrivilegedActionException'{0x00000000847cf948}> (0x00000000847cf948) thrown at [./src/hotspot/share/prims/jvm.cpp, line 1306]
Event: 35.304 Thread 0x0000027df70f1000 Exception <a 'java/security/PrivilegedActionException'{0x00000000847d0960}> (0x00000000847d0960) thrown at [./src/hotspot/share/prims/jvm.cpp, line 1306]
Event: 35.304 Thread 0x0000027df70f1000 Exception <a 'java/security/PrivilegedActionException'{0x00000000847d36d8}> (0x00000000847d36d8) thrown at [./src/hotspot/share/prims/jvm.cpp, line 1306]
Event: 35.304 Thread 0x0000027df70f1000 Exception <a 'java/security/PrivilegedActionException'{0x00000000847d46f0}> (0x00000000847d46f0) thrown at [./src/hotspot/share/prims/jvm.cpp, line 1306]
Event: 35.304 Thread 0x0000027df70f1000 Exception <a 'java/security/PrivilegedActionException'{0x00000000847d7570}> (0x00000000847d7570) thrown at [./src/hotspot/share/prims/jvm.cpp, line 1306]
Event: 35.304 Thread 0x0000027df70f1000 Exception <a 'java/security/PrivilegedActionException'{0x00000000847d8588}> (0x00000000847d8588) thrown at [./src/hotspot/share/prims/jvm.cpp, line 1306]
Event: 35.304 Thread 0x0000027df70f1000 Exception <a 'java/security/PrivilegedActionException'{0x00000000847db308}> (0x00000000847db308) thrown at [./src/hotspot/share/prims/jvm.cpp, line 1306]
Event: 35.304 Thread 0x0000027df70f1000 Exception <a 'java/security/PrivilegedActionException'{0x00000000847dc320}> (0x00000000847dc320) thrown at [./src/hotspot/share/prims/jvm.cpp, line 1306]
Event: 35.304 Thread 0x0000027df70f1000 Exception <a 'java/security/PrivilegedActionException'{0x00000000847df118}> (0x00000000847df118) thrown at [./src/hotspot/share/prims/jvm.cpp, line 1306]
Event: 35.304 Thread 0x0000027df70f1000 Exception <a 'java/security/PrivilegedActionException'{0x00000000847e0130}> (0x00000000847e0130) thrown at [./src/hotspot/share/prims/jvm.cpp, line 1306]
Event: 35.304 Thread 0x0000027df70f1000 Exception <a 'java/security/PrivilegedActionException'{0x00000000847e2fa8}> (0x00000000847e2fa8) thrown at [./src/hotspot/share/prims/jvm.cpp, line 1306]
Event: 35.305 Thread 0x0000027df70f1000 Exception <a 'java/security/PrivilegedActionException'{0x00000000847e3fc0}> (0x00000000847e3fc0) thrown at [./src/hotspot/share/prims/jvm.cpp, line 1306]
Event: 35.414 Thread 0x0000027df70f1000 Exception <a 'java/lang/ClassNotFoundException'{0x00000000846b0228}: org/gradle/api/internal/project/DefaultProject_DecoratedBeanInfo> (0x00000000846b0228) thrown at [./src/hotspot/share/classfile/systemDictionary.cpp, line 231]
Event: 35.415 Thread 0x0000027df70f1000 Exception <a 'java/lang/ClassNotFoundException'{0x00000000846d0670}: org/gradle/api/internal/project/DefaultProjectBeanInfo> (0x00000000846d0670) thrown at [./src/hotspot/share/classfile/systemDictionary.cpp, line 231]
Event: 35.416 Thread 0x0000027df70f1000 Exception <a 'java/lang/ClassNotFoundException'{0x00000000846f0ae0}: org/gradle/api/internal/project/DefaultProjectCustomizer> (0x00000000846f0ae0) thrown at [./src/hotspot/share/classfile/systemDictionary.cpp, line 231]
Event: 35.421 Thread 0x0000027df70f1000 Exception <a 'java/lang/ClassNotFoundException'{0x000000008459d470}: org/gradle/api/internal/project/DefaultProject_DecoratedCustomizer> (0x000000008459d470) thrown at [./src/hotspot/share/classfile/systemDictionary.cpp, line 231]
Event: 35.611 Thread 0x0000027df70f1000 Exception <a 'java/lang/ClassNotFoundException'{0x0000000087b0dce0}: org/gradle/api/tasks/Delete_DecoratedBeanInfo> (0x0000000087b0dce0) thrown at [./src/hotspot/share/classfile/systemDictionary.cpp, line 231]
Event: 35.613 Thread 0x0000027df70f1000 Exception <a 'java/lang/ClassNotFoundException'{0x0000000087b2c148}: org/gradle/api/tasks/DeleteBeanInfo> (0x0000000087b2c148) thrown at [./src/hotspot/share/classfile/systemDictionary.cpp, line 231]
Event: 35.614 Thread 0x0000027df70f1000 Exception <a 'java/lang/ClassNotFoundException'{0x0000000087b4c6f8}: org/gradle/api/internal/ConventionTaskBeanInfo> (0x0000000087b4c6f8) thrown at [./src/hotspot/share/classfile/systemDictionary.cpp, line 231]
Event: 35.615 Thread 0x0000027df70f1000 Exception <a 'java/lang/ClassNotFoundException'{0x0000000087b69f98}: org/gradle/api/DefaultTaskBeanInfo> (0x0000000087b69f98) thrown at [./src/hotspot/share/classfile/systemDictionary.cpp, line 231]

Events (20 events):
Event: 35.612 loading class org/gradle/api/tasks/DeleteBeanInfo
Event: 35.612 loading class org/gradle/api/tasks/DeleteBeanInfo done
Event: 35.613 loading class org/gradle/api/tasks/DeleteBeanInfo
Event: 35.613 loading class org/gradle/api/tasks/DeleteBeanInfo done
Event: 35.613 loading class org/gradle/api/internal/ConventionTaskBeanInfo
Event: 35.613 loading class org/gradle/api/internal/ConventionTaskBeanInfo done
Event: 35.613 loading class org/gradle/api/internal/ConventionTaskBeanInfo
Event: 35.613 loading class org/gradle/api/internal/ConventionTaskBeanInfo done
Event: 35.613 loading class org/gradle/api/internal/ConventionTaskBeanInfo
Event: 35.613 loading class org/gradle/api/internal/ConventionTaskBeanInfo done
Event: 35.614 loading class org/gradle/api/internal/ConventionTaskBeanInfo
Event: 35.614 loading class org/gradle/api/internal/ConventionTaskBeanInfo done
Event: 35.614 loading class org/gradle/api/DefaultTaskBeanInfo
Event: 35.614 loading class org/gradle/api/DefaultTaskBeanInfo done
Event: 35.615 loading class org/gradle/api/DefaultTaskBeanInfo
Event: 35.615 loading class org/gradle/api/DefaultTaskBeanInfo done
Event: 35.615 loading class org/gradle/api/DefaultTaskBeanInfo
Event: 35.615 loading class org/gradle/api/DefaultTaskBeanInfo done
Event: 35.615 loading class org/gradle/api/DefaultTaskBeanInfo
Event: 35.615 loading class org/gradle/api/DefaultTaskBeanInfo done


Dynamic libraries:
0x00007ff7a2640000 - 0x00007ff7a264a000 	C:\Android Studio\jre\bin\java.exe
0x00007ff93ff50000 - 0x00007ff940145000 	C:\WINDOWS\SYSTEM32\ntdll.dll
0x00007ff93efd0000 - 0x00007ff93f08e000 	C:\WINDOWS\System32\KERNEL32.DLL
0x00007ff93d980000 - 0x00007ff93dc48000 	C:\WINDOWS\System32\KERNELBASE.dll
0x00007ff93d740000 - 0x00007ff93d840000 	C:\WINDOWS\System32\ucrtbase.dll
0x00007ff916080000 - 0x00007ff916099000 	C:\Android Studio\jre\bin\jli.dll
0x00007ff916060000 - 0x00007ff916077000 	C:\Android Studio\jre\bin\VCRUNTIME140.dll
0x00007ff93e790000 - 0x00007ff93e931000 	C:\WINDOWS\System32\USER32.dll
0x00007ff92b850000 - 0x00007ff92baea000 	C:\WINDOWS\WinSxS\amd64_microsoft.windows.common-controls_6595b64144ccf1df_6.0.19041.1110_none_60b5254171f9507e\COMCTL32.dll
0x00007ff93df60000 - 0x00007ff93df82000 	C:\WINDOWS\System32\win32u.dll
0x00007ff93f900000 - 0x00007ff93f99e000 	C:\WINDOWS\System32\msvcrt.dll
0x00007ff93e760000 - 0x00007ff93e78b000 	C:\WINDOWS\System32\GDI32.dll
0x00007ff93dc50000 - 0x00007ff93dd5d000 	C:\WINDOWS\System32\gdi32full.dll
0x00007ff93dd60000 - 0x00007ff93ddfd000 	C:\WINDOWS\System32\msvcp_win.dll
0x00007ff93ef90000 - 0x00007ff93efc0000 	C:\WINDOWS\System32\IMM32.DLL
0x00007ff8f55a0000 - 0x00007ff8f563d000 	C:\Android Studio\jre\bin\msvcp140.dll
0x00007ff8f2d60000 - 0x00007ff8f382f000 	C:\Android Studio\jre\bin\server\jvm.dll
0x00007ff93ee30000 - 0x00007ff93eedc000 	C:\WINDOWS\System32\ADVAPI32.dll
0x00007ff93fa10000 - 0x00007ff93faab000 	C:\WINDOWS\System32\sechost.dll
0x00007ff93fde0000 - 0x00007ff93ff0a000 	C:\WINDOWS\System32\RPCRT4.dll
0x00007ff93fab0000 - 0x00007ff93fab8000 	C:\WINDOWS\System32\PSAPI.DLL
0x00007ff92bb00000 - 0x00007ff92bb27000 	C:\WINDOWS\SYSTEM32\WINMM.dll
0x00007ff934770000 - 0x00007ff93477a000 	C:\WINDOWS\SYSTEM32\VERSION.dll
0x00007ff928b20000 - 0x00007ff928b29000 	C:\WINDOWS\SYSTEM32\WSOCK32.dll
0x00007ff93edc0000 - 0x00007ff93ee2b000 	C:\WINDOWS\System32\WS2_32.dll
0x00007ff93bf10000 - 0x00007ff93bf22000 	C:\WINDOWS\SYSTEM32\kernel.appcore.dll
0x00007ff935cc0000 - 0x00007ff935cd1000 	C:\Android Studio\jre\bin\verify.dll
0x00007ff93bbe0000 - 0x00007ff93bdc4000 	C:\WINDOWS\SYSTEM32\DBGHELP.DLL
0x00007ff928060000 - 0x00007ff92808c000 	C:\WINDOWS\SYSTEM32\dbgcore.DLL
0x00007ff93d8f0000 - 0x00007ff93d972000 	C:\WINDOWS\System32\bcryptPrimitives.dll
0x00007ff908050000 - 0x00007ff908079000 	C:\Android Studio\jre\bin\java.dll
0x00007ff936f10000 - 0x00007ff936f1b000 	C:\Android Studio\jre\bin\jimage.dll
0x00007ff935ca0000 - 0x00007ff935cb8000 	C:\Android Studio\jre\bin\zip.dll
0x00007ff93f090000 - 0x00007ff93f7d4000 	C:\WINDOWS\System32\SHELL32.dll
0x00007ff93b440000 - 0x00007ff93bbd4000 	C:\WINDOWS\SYSTEM32\windows.storage.dll
0x00007ff93e160000 - 0x00007ff93e4b5000 	C:\WINDOWS\System32\combase.dll
0x00007ff93d0b0000 - 0x00007ff93d0de000 	C:\WINDOWS\SYSTEM32\Wldp.dll
0x00007ff93fb20000 - 0x00007ff93fbcd000 	C:\WINDOWS\System32\SHCORE.dll
0x00007ff93fbd0000 - 0x00007ff93fc25000 	C:\WINDOWS\System32\shlwapi.dll
0x00007ff93d5a0000 - 0x00007ff93d5bf000 	C:\WINDOWS\SYSTEM32\profapi.dll
0x00007ff910060000 - 0x00007ff91007a000 	C:\Android Studio\jre\bin\net.dll
0x00007ff931a50000 - 0x00007ff931b5c000 	C:\WINDOWS\SYSTEM32\WINHTTP.dll
0x00007ff93ce10000 - 0x00007ff93ce7a000 	C:\WINDOWS\system32\mswsock.dll
0x00007ff90c090000 - 0x00007ff90c0a4000 	C:\Android Studio\jre\bin\nio.dll
0x00007ff902a20000 - 0x00007ff902a47000 	C:\Users\Huy Hoang\.gradle\native\f6784746aeab05261644944871eae4fe03e0ef1612fff0a4a95f87b438bc6780\windows-amd64\native-platform.dll
0x00007ff935480000 - 0x00007ff93548a000 	C:\Android Studio\jre\bin\management.dll
0x00007ff934fe0000 - 0x00007ff934fec000 	C:\Android Studio\jre\bin\management_ext.dll
0x00007ff93d000000 - 0x00007ff93d018000 	C:\WINDOWS\SYSTEM32\CRYPTSP.dll
0x00007ff93c720000 - 0x00007ff93c754000 	C:\WINDOWS\system32\rsaenh.dll
0x00007ff93d660000 - 0x00007ff93d687000 	C:\WINDOWS\System32\bcrypt.dll
0x00007ff93d520000 - 0x00007ff93d54e000 	C:\WINDOWS\SYSTEM32\USERENV.dll
0x00007ff93d020000 - 0x00007ff93d02c000 	C:\WINDOWS\SYSTEM32\CRYPTBASE.dll
0x00007ff93cab0000 - 0x00007ff93caeb000 	C:\WINDOWS\SYSTEM32\IPHLPAPI.DLL
0x00007ff93fa00000 - 0x00007ff93fa08000 	C:\WINDOWS\System32\NSI.dll
0x00007ff935460000 - 0x00007ff935477000 	C:\WINDOWS\SYSTEM32\dhcpcsvc6.DLL
0x00007ff934790000 - 0x00007ff9347ad000 	C:\WINDOWS\SYSTEM32\dhcpcsvc.DLL
0x00007ff93caf0000 - 0x00007ff93cbbb000 	C:\WINDOWS\SYSTEM32\DNSAPI.dll
0x00007ff935e30000 - 0x00007ff935e3b000 	C:\WINDOWS\SYSTEM32\WINNSI.DLL

dbghelp: loaded successfully - version: 4.0.5 - missing functions: none
symbol engine: initialized successfully - sym options: 0x614 - pdb path: .;C:\Android Studio\jre\bin;C:\WINDOWS\SYSTEM32;C:\WINDOWS\WinSxS\amd64_microsoft.windows.common-controls_6595b64144ccf1df_6.0.19041.1110_none_60b5254171f9507e;C:\Android Studio\jre\bin\server;C:\Users\Huy Hoang\.gradle\native\f6784746aeab05261644944871eae4fe03e0ef1612fff0a4a95f87b438bc6780\windows-amd64

VM Arguments:
jvm_args: --add-opens=java.base/java.util=ALL-UNNAMED --add-opens=java.base/java.lang=ALL-UNNAMED --add-opens=java.base/java.lang.invoke=ALL-UNNAMED --add-opens=java.prefs/java.util.prefs=ALL-UNNAMED -Xmx2048m -Dfile.encoding=UTF-8 -Duser.country=US -Duser.language=en -Duser.variant 
java_command: org.gradle.launcher.daemon.bootstrap.GradleDaemon 6.5
java_class_path (initial): C:\Users\Huy Hoang\.gradle\wrapper\dists\gradle-6.5-bin\6nifqtx7604sqp1q6g8wikw7p\gradle-6.5\lib\gradle-launcher-6.5.jar
Launcher Type: SUN_STANDARD

[Global flags]
     intx CICompilerCount                          = 3                                         {product} {ergonomic}
     uint ConcGCThreads                            = 1                                         {product} {ergonomic}
     uint G1ConcRefinementThreads                  = 4                                         {product} {ergonomic}
   size_t G1HeapRegionSize                         = 1048576                                   {product} {ergonomic}
    uintx GCDrainStackTargetSize                   = 64                                        {product} {ergonomic}
   size_t InitialHeapSize                          = 132120576                                 {product} {ergonomic}
   size_t MarkStackSize                            = 4194304                                   {product} {ergonomic}
   size_t MaxHeapSize                              = 2147483648                                {product} {command line}
   size_t MaxNewSize                               = 1287651328                                {product} {ergonomic}
   size_t MinHeapDeltaBytes                        = 1048576                                   {product} {ergonomic}
    uintx NonNMethodCodeHeapSize                   = 5830732                                {pd product} {ergonomic}
    uintx NonProfiledCodeHeapSize                  = 122913754                              {pd product} {ergonomic}
    uintx ProfiledCodeHeapSize                     = 122913754                              {pd product} {ergonomic}
    uintx ReservedCodeCacheSize                    = 251658240                              {pd product} {ergonomic}
     bool SegmentedCodeCache                       = true                                      {product} {ergonomic}
     bool UseCompressedClassPointers               = true                                 {lp64_product} {ergonomic}
     bool UseCompressedOops                        = true                                 {lp64_product} {ergonomic}
     bool UseG1GC                                  = true                                      {product} {ergonomic}
     bool UseLargePagesIndividualAllocation        = false                                  {pd product} {ergonomic}

Logging:
Log output configuration:
 #0: stdout all=warning uptime,level,tags
 #1: stderr all=off uptime,level,tags

Environment Variables:
PATH=C:\ProgramData\Oracle\Java\javapath;C:\Windows\system32;C:\Windows;C:\Windows\System32\Wbem;C:\Windows\System32\WindowsPowerShell\v1.0\;C:\Program Files (x86)\NVIDIA Corporation\PhysX\Common;C:\WINDOWS\system32;C:\WINDOWS;C:\WINDOWS\System32\Wbem;C:\WINDOWS\System32\WindowsPowerShell\v1.0\;C:\WINDOWS\System32\OpenSSH\;c:\Program Files (x86)\Microsoft SQL Server\100\Tools\Binn\;c:\Program Files\Microsoft SQL Server\100\Tools\Binn\;c:\Program Files\Microsoft SQL Server\100\DTS\Binn\;C:\Program Files\NVIDIA Corporation\NVIDIA NvDLISR;C:\Program Files\dotnet\;C:\Program Files\Microsoft SQL Server\130\Tools\Binn\;C:\Program Files\Intel\WiFi\bin\;C:\Program Files\Common Files\Intel\WirelessCommon\;C:\Program Files\Microsoft SQL Server\150\Tools\Binn\;C:\Program Files (x86)\Microsoft SQL Server\150\DTS\Binn\;C:\Program Files\Microsoft SQL Server\Client SDK\ODBC\170\Tools\Binn\;C:\Program Files (x86)\Microsoft SQL Server\150\Tools\Binn\;C:\Program Files\Microsoft SQL Server\150\DTS\Binn\;C:\Program Files (x86)\Intel\Intel(R) Management Engine Components\DAL;C:\Program Files\Intel\Intel(R) Management Engine Components\DAL;C:\WINDOWS\system32;C:\WINDOWS;C:\WINDOWS\System32\Wbem;C:\WINDOWS\System32\WindowsPowerShell\v1.0\;C:\WINDOWS\System32\OpenSSH\;C:\Users\Huy Hoang\AppData\Local\Programs\Python\Python38\Scripts\;C:\Users\Huy Hoang\AppData\Local\Programs\Python\Python38\;C:\MinGW\mingw64\bin;C:\Users\Huy Hoang\AppData\Local\Microsoft\WindowsApps;C:\Users\Huy Hoang\.dotnet\tools
USERNAME=Huy Hoang
OS=Windows_NT
PROCESSOR_IDENTIFIER=Intel64 Family 6 Model 158 Stepping 9, GenuineIntel



---------------  S Y S T E M  ---------------

OS: Windows 10 , 64 bit Build 19041 (10.0.19041.1348)
OS uptime: 1 days 19:59 hours

CPU:total 4 (initial active 4) (4 cores per cpu, 1 threads per core) family 6 model 158 stepping 9 microcode 0xb4, cmov, cx8, fxsr, mmx, sse, sse2, sse3, ssse3, sse4.1, sse4.2, popcnt, avx, avx2, aes, clmul, erms, 3dnowpref, lzcnt, tsc, tscinvbit, bmi1, bmi2, adx, fma

Memory: 4k page, system-wide physical 8058M (8M free)
TotalPageFile size 32634M (AvailPageFile size 0M)
current process WorkingSet (physical memory assigned to process): 198M, peak: 222M
current process commit charge ("private bytes"): 294M, peak: 295M

vm_info: OpenJDK 64-Bit Server VM (11.0.10+0-b96-7249189) for windows-amd64 JRE (11.0.10+0-b96-7249189), built on Mar 31 2021 21:44:00 by "builder" with MS VC++ 14.0 (VS2015)

END.
